# JRE version: OpenJDK Runtime Environment (8.0_202-b03) (build 1.8.0_202-release-1483-b03)
# Java VM: OpenJDK 64-Bit Server VM (25.202-b03 mixed mode windows-amd64 compressed oops)
Heap:
 PSYoungGen      total 382976K, used 139051K [0x00000000e0000000, 0x00000000fb200000, 0x0000000100000000)
  eden space 338432K, 28% used [0x00000000e0000000,0x00000000e5f22048,0x00000000f4a80000)
  from space 44544K, 93% used [0x00000000f7b80000,0x00000000fa428f88,0x00000000fa700000)
  to   space 50176K, 0% used [0x00000000f4a80000,0x00000000f4a80000,0x00000000f7b80000)
 ParOldGen       total 230400K, used 92746K [0x00000000a0000000, 0x00000000ae100000, 0x00000000e0000000)
  object space 230400K, 40% used [0x00000000a0000000,0x00000000a5a92818,0x00000000ae100000)
 Metaspace       used 98182K, capacity 105726K, committed 105816K, reserved 1140736K
  class space    used 12179K, capacity 13688K, committed 13696K, reserved 1048576K
GC Heap History (10 events):
Event: 2672.322 GC heap before
{Heap before GC invocations=38 (full 4):
 PSYoungGen      total 388608K, used 354356K [0x00000000e0000000, 0x00000000fae00000, 0x0000000100000000)
  eden space 334848K, 99% used [0x00000000e0000000,0x00000000f46ffaa8,0x00000000f4700000)
  from space 53760K, 36% used [0x00000000f4700000,0x00000000f5a0d570,0x00000000f7b80000)
  to   space 51200K, 0% used [0x00000000f7c00000,0x00000000f7c00000,0x00000000fae00000)
 ParOldGen       total 230400K, used 91277K [0x00000000a0000000, 0x00000000ae100000, 0x00000000e0000000)
  object space 230400K, 39% used [0x00000000a0000000,0x00000000a59237b8,0x00000000ae100000)
 Metaspace       used 96346K, capacity 103634K, committed 103896K, reserved 1140736K
  class space    used 12043K, capacity 13448K, committed 13568K, reserved 1048576K
Event: 2672.362 GC heap after
Heap after GC invocations=38 (full 4):
 PSYoungGen      total 384000K, used 17590K [0x00000000e0000000, 0x00000000fa980000, 0x0000000100000000)
  eden space 337408K, 0% used [0x00000000e0000000,0x00000000e0000000,0x00000000f4980000)
  from space 46592K, 37% used [0x00000000f7c00000,0x00000000f8d2da28,0x00000000fa980000)
  to   space 49152K, 0% used [0x00000000f4980000,0x00000000f4980000,0x00000000f7980000)
 ParOldGen       total 230400K, used 91285K [0x00000000a0000000, 0x00000000ae100000, 0x00000000e0000000)
  object space 230400K, 39% used [0x00000000a0000000,0x00000000a59257b8,0x00000000ae100000)
 Metaspace       used 96346K, capacity 103634K, committed 103896K, reserved 1140736K
  class space    used 12043K, capacity 13448K, committed 13568K, reserved 1048576K
}
Event: 2837.625 GC heap before
{Heap before GC invocations=39 (full 4):
 PSYoungGen      total 384000K, used 354998K [0x00000000e0000000, 0x00000000fa980000, 0x0000000100000000)
  eden space 337408K, 100% used [0x00000000e0000000,0x00000000f4980000,0x00000000f4980000)
  from space 46592K, 37% used [0x00000000f7c00000,0x00000000f8d2da28,0x00000000fa980000)
  to   space 49152K, 0% used [0x00000000f4980000,0x00000000f4980000,0x00000000f7980000)
 ParOldGen       total 230400K, used 91285K [0x00000000a0000000, 0x00000000ae100000, 0x00000000e0000000)
  object space 230400K, 39% used [0x00000000a0000000,0x00000000a59257b8,0x00000000ae100000)
 Metaspace       used 96720K, capacity 103956K, committed 104152K, reserved 1140736K
  class space    used 12068K, capacity 13490K, committed 13568K, reserved 1048576K
Event: 2837.674 GC heap after
Heap after GC invocations=39 (full 4):
 PSYoungGen      total 357376K, used 19525K [0x00000000e0000000, 0x00000000fa680000, 0x0000000100000000)
  eden space 337408K, 0% used [0x00000000e0000000,0x00000000e0000000,0x00000000f4980000)
  from space 19968K, 97% used [0x00000000f4980000,0x00000000f5c91528,0x00000000f5d00000)
  to   space 46592K, 0% used [0x00000000f7900000,0x00000000f7900000,0x00000000fa680000)
 ParOldGen       total 230400K, used 91285K [0x00000000a0000000, 0x00000000ae100000, 0x00000000e0000000)
  object space 230400K, 39% used [0x00000000a0000000,0x00000000a59257b8,0x00000000ae100000)
 Metaspace       used 96720K, capacity 103956K, committed 104152K, reserved 1140736K
  class space    used 12068K, capacity 13490K, committed 13568K, reserved 1048576K
}
Event: 2853.688 GC heap before
{Heap before GC invocations=40 (full 4):
 PSYoungGen      total 357376K, used 356933K [0x00000000e0000000, 0x00000000fa680000, 0x0000000100000000)
  eden space 337408K, 100% used [0x00000000e0000000,0x00000000f4980000,0x00000000f4980000)
  from space 19968K, 97% used [0x00000000f4980000,0x00000000f5c91528,0x00000000f5d00000)
  to   space 46592K, 0% used [0x00000000f7900000,0x00000000f7900000,0x00000000fa680000)
 ParOldGen       total 230400K, used 91285K [0x00000000a0000000, 0x00000000ae100000, 0x00000000e0000000)
  object space 230400K, 39% used [0x00000000a0000000,0x00000000a59257b8,0x00000000ae100000)
 Metaspace       used 97282K, capacity 104558K, committed 104664K, reserved 1140736K
  class space    used 12111K, capacity 13568K, committed 13568K, reserved 1048576K
Event: 2853.728 GC heap after
Heap after GC invocations=40 (full 4):
 PSYoungGen      total 386048K, used 14759K [0x00000000e0000000, 0x00000000fa500000, 0x0000000100000000)
  eden space 340992K, 0% used [0x00000000e0000000,0x00000000e0000000,0x00000000f4d00000)
  from space 45056K, 32% used [0x00000000f7900000,0x00000000f8769e90,0x00000000fa500000)
  to   space 45056K, 0% used [0x00000000f4d00000,0x00000000f4d00000,0x00000000f7900000)
 ParOldGen       total 230400K, used 92594K [0x00000000a0000000, 0x00000000ae100000, 0x00000000e0000000)
  object space 230400K, 40% used [0x00000000a0000000,0x00000000a5a6c818,0x00000000ae100000)
 Metaspace       used 97282K, capacity 104558K, committed 104664K, reserved 1140736K
  class space    used 12111K, capacity 13568K, committed 13568K, reserved 1048576K
}
Event: 3051.169 GC heap before
{Heap before GC invocations=41 (full 4):
 PSYoungGen      total 386048K, used 355751K [0x00000000e0000000, 0x00000000fa500000, 0x0000000100000000)
  eden space 340992K, 100% used [0x00000000e0000000,0x00000000f4d00000,0x00000000f4d00000)
  from space 45056K, 32% used [0x00000000f7900000,0x00000000f8769e90,0x00000000fa500000)
  to   space 45056K, 0% used [0x00000000f4d00000,0x00000000f4d00000,0x00000000f7900000)
 ParOldGen       total 230400K, used 92594K [0x00000000a0000000, 0x00000000ae100000, 0x00000000e0000000)
  object space 230400K, 40% used [0x00000000a0000000,0x00000000a5a6c818,0x00000000ae100000)
 Metaspace       used 97624K, capacity 104990K, committed 105304K, reserved 1140736K
  class space    used 12135K, capacity 13608K, committed 13696K, reserved 1048576K
Event: 3051.196 GC heap after
Heap after GC invocations=41 (full 4):
 PSYoungGen      total 386048K, used 10223K [0x00000000e0000000, 0x00000000fa700000, 0x0000000100000000)
  eden space 340992K, 0% used [0x00000000e0000000,0x00000000e0000000,0x00000000f4d00000)
  from space 45056K, 22% used [0x00000000f4d00000,0x00000000f56fbc30,0x00000000f7900000)
  to   space 44544K, 0% used [0x00000000f7b80000,0x00000000f7b80000,0x00000000fa700000)
 ParOldGen       total 230400K, used 92666K [0x00000000a0000000, 0x00000000ae100000, 0x00000000e0000000)
  object space 230400K, 40% used [0x00000000a0000000,0x00000000a5a7e818,0x00000000ae100000)
 Metaspace       used 97624K, capacity 104990K, committed 105304K, reserved 1140736K
  class space    used 12135K, capacity 13608K, committed 13696K, reserved 1048576K
}
Event: 3112.513 GC heap before
{Heap before GC invocations=42 (full 4):
 PSYoungGen      total 386048K, used 351215K [0x00000000e0000000, 0x00000000fa700000, 0x0000000100000000)
  eden space 340992K, 100% used [0x00000000e0000000,0x00000000f4d00000,0x00000000f4d00000)
  from space 45056K, 22% used [0x00000000f4d00000,0x00000000f56fbc30,0x00000000f7900000)
  to   space 44544K, 0% used [0x00000000f7b80000,0x00000000f7b80000,0x00000000fa700000)
 ParOldGen       total 230400K, used 92666K [0x00000000a0000000, 0x00000000ae100000, 0x00000000e0000000)
  object space 230400K, 40% used [0x00000000a0000000,0x00000000a5a7e818,0x00000000ae100000)
 Metaspace       used 98168K, capacity 105662K, committed 105816K, reserved 1140736K
  class space    used 12179K, capacity 13688K, committed 13696K, reserved 1048576K
Event: 3112.572 GC heap after
Heap after GC invocations=42 (full 4):
 PSYoungGen      total 382976K, used 41635K [0x00000000e0000000, 0x00000000fb200000, 0x0000000100000000)
  eden space 338432K, 0% used [0x00000000e0000000,0x00000000e0000000,0x00000000f4a80000)
  from space 44544K, 93% used [0x00000000f7b80000,0x00000000fa428f88,0x00000000fa700000)
  to   space 50176K, 0% used [0x00000000f4a80000,0x00000000f4a80000,0x00000000f7b80000)
 ParOldGen       total 230400K, used 92746K [0x00000000a0000000, 0x00000000ae100000, 0x00000000e0000000)
  object space 230400K, 40% used [0x00000000a0000000,0x00000000a5a92818,0x00000000ae100000)
 Metaspace       used 98168K, capacity 105662K, committed 105816K, reserved 1140736K
  class space    used 12179K, capacity 13688K, committed 13696K, reserved 1048576K
}

