# JRE version: OpenJDK Runtime Environment (8.0_202-b03) (build 1.8.0_202-release-1483-b03)
# Java VM: OpenJDK 64-Bit Server VM (25.202-b03 mixed mode windows-amd64 compressed oops)
Heap:
 PSYoungGen      total 432640K, used 166973K [0x00000000e0000000, 0x00000000ffc80000, 0x0000000100000000)
  eden space 395776K, 32% used [0x00000000e0000000,0x00000000e7f4fa40,0x00000000f8280000)
  from space 36864K, 99% used [0x00000000f8280000,0x00000000fa63fda8,0x00000000fa680000)
  to   space 62464K, 0% used [0x00000000fbf80000,0x00000000fbf80000,0x00000000ffc80000)
 ParOldGen       total 157184K, used 89240K [0x00000000a0000000, 0x00000000a9980000, 0x00000000e0000000)
  object space 157184K, 56% used [0x00000000a0000000,0x00000000a5726170,0x00000000a9980000)
 Metaspace       used 102896K, capacity 110754K, committed 110936K, reserved 1146880K
  class space    used 12574K, capacity 14176K, committed 14208K, reserved 1048576K
GC Heap History (10 events):
Event: 10918.240 GC heap before
{Heap before GC invocations=39 (full 4):
 PSYoungGen      total 441856K, used 417569K [0x00000000e0000000, 0x00000000ff700000, 0x0000000100000000)
  eden space 380928K, 100% used [0x00000000e0000000,0x00000000f7400000,0x00000000f7400000)
  from space 60928K, 60% used [0x00000000fbb80000,0x00000000fdf48640,0x00000000ff700000)
  to   space 67072K, 0% used [0x00000000f7400000,0x00000000f7400000,0x00000000fb580000)
 ParOldGen       total 157184K, used 66454K [0x00000000a0000000, 0x00000000a9980000, 0x00000000e0000000)
  object space 157184K, 42% used [0x00000000a0000000,0x00000000a40e5858,0x00000000a9980000)
 Metaspace       used 100932K, capacity 108436K, committed 108632K, reserved 1144832K
  class space    used 12429K, capacity 13928K, committed 13952K, reserved 1048576K
Event: 10918.323 GC heap after
Heap after GC invocations=39 (full 4):
 PSYoungGen      total 448000K, used 33064K [0x00000000e0000000, 0x00000000ffe00000, 0x0000000100000000)
  eden space 380928K, 0% used [0x00000000e0000000,0x00000000e0000000,0x00000000f7400000)
  from space 67072K, 49% used [0x00000000f7400000,0x00000000f944a3b0,0x00000000fb580000)
  to   space 65024K, 0% used [0x00000000fbe80000,0x00000000fbe80000,0x00000000ffe00000)
 ParOldGen       total 157184K, used 66558K [0x00000000a0000000, 0x00000000a9980000, 0x00000000e0000000)
  object space 157184K, 42% used [0x00000000a0000000,0x00000000a40ff858,0x00000000a9980000)
 Metaspace       used 100932K, capacity 108436K, committed 108632K, reserved 1144832K
  class space    used 12429K, capacity 13928K, committed 13952K, reserved 1048576K
}
Event: 10951.253 GC heap before
{Heap before GC invocations=40 (full 4):
 PSYoungGen      total 448000K, used 413992K [0x00000000e0000000, 0x00000000ffe00000, 0x0000000100000000)
  eden space 380928K, 100% used [0x00000000e0000000,0x00000000f7400000,0x00000000f7400000)
  from space 67072K, 49% used [0x00000000f7400000,0x00000000f944a3b0,0x00000000fb580000)
  to   space 65024K, 0% used [0x00000000fbe80000,0x00000000fbe80000,0x00000000ffe00000)
 ParOldGen       total 157184K, used 66558K [0x00000000a0000000, 0x00000000a9980000, 0x00000000e0000000)
  object space 157184K, 42% used [0x00000000a0000000,0x00000000a40ff858,0x00000000a9980000)
 Metaspace       used 101453K, capacity 109038K, committed 109272K, reserved 1144832K
  class space    used 12472K, capacity 14006K, committed 14080K, reserved 1048576K
Event: 10951.341 GC heap after
Heap after GC invocations=40 (full 4):
 PSYoungGen      total 452096K, used 38028K [0x00000000e0000000, 0x00000000ff900000, 0x0000000100000000)
  eden space 392192K, 0% used [0x00000000e0000000,0x00000000e0000000,0x00000000f7f00000)
  from space 59904K, 63% used [0x00000000fbe80000,0x00000000fe3a3370,0x00000000ff900000)
  to   space 62464K, 0% used [0x00000000f7f00000,0x00000000f7f00000,0x00000000fbc00000)
 ParOldGen       total 157184K, used 66862K [0x00000000a0000000, 0x00000000a9980000, 0x00000000e0000000)
  object space 157184K, 42% used [0x00000000a0000000,0x00000000a414b858,0x00000000a9980000)
 Metaspace       used 101453K, capacity 109038K, committed 109272K, reserved 1144832K
  class space    used 12472K, capacity 14006K, committed 14080K, reserved 1048576K
}
Event: 11021.619 GC heap before
{Heap before GC invocations=41 (full 4):
 PSYoungGen      total 452096K, used 430220K [0x00000000e0000000, 0x00000000ff900000, 0x0000000100000000)
  eden space 392192K, 100% used [0x00000000e0000000,0x00000000f7f00000,0x00000000f7f00000)
  from space 59904K, 63% used [0x00000000fbe80000,0x00000000fe3a3370,0x00000000ff900000)
  to   space 62464K, 0% used [0x00000000f7f00000,0x00000000f7f00000,0x00000000fbc00000)
 ParOldGen       total 157184K, used 66862K [0x00000000a0000000, 0x00000000a9980000, 0x00000000e0000000)
  object space 157184K, 42% used [0x00000000a0000000,0x00000000a414b858,0x00000000a9980000)
 Metaspace       used 101905K, capacity 109634K, committed 109784K, reserved 1144832K
  class space    used 12503K, capacity 14054K, committed 14080K, reserved 1048576K
Event: 11021.731 GC heap after
Heap after GC invocations=41 (full 4):
 PSYoungGen      total 454656K, used 10808K [0x00000000e0000000, 0x0000000100000000, 0x0000000100000000)
  eden space 392192K, 0% used [0x00000000e0000000,0x00000000e0000000,0x00000000f7f00000)
  from space 62464K, 17% used [0x00000000f7f00000,0x00000000f898e2c0,0x00000000fbc00000)
  to   space 64512K, 0% used [0x00000000fc100000,0x00000000fc100000,0x0000000100000000)
 ParOldGen       total 157184K, used 88448K [0x00000000a0000000, 0x00000000a9980000, 0x00000000e0000000)
  object space 157184K, 56% used [0x00000000a0000000,0x00000000a5660150,0x00000000a9980000)
 Metaspace       used 101905K, capacity 109634K, committed 109784K, reserved 1144832K
  class space    used 12503K, capacity 14054K, committed 14080K, reserved 1048576K
}
Event: 11076.984 GC heap before
{Heap before GC invocations=42 (full 4):
 PSYoungGen      total 454656K, used 403000K [0x00000000e0000000, 0x0000000100000000, 0x0000000100000000)
  eden space 392192K, 100% used [0x00000000e0000000,0x00000000f7f00000,0x00000000f7f00000)
  from space 62464K, 17% used [0x00000000f7f00000,0x00000000f898e2c0,0x00000000fbc00000)
  to   space 64512K, 0% used [0x00000000fc100000,0x00000000fc100000,0x0000000100000000)
 ParOldGen       total 157184K, used 88448K [0x00000000a0000000, 0x00000000a9980000, 0x00000000e0000000)
  object space 157184K, 56% used [0x00000000a0000000,0x00000000a5660150,0x00000000a9980000)
 Metaspace       used 102292K, capacity 110012K, committed 110168K, reserved 1144832K
  class space    used 12528K, capacity 14096K, committed 14208K, reserved 1048576K
Event: 11077.020 GC heap after
Heap after GC invocations=42 (full 4):
 PSYoungGen      total 460288K, used 18446K [0x00000000e0000000, 0x0000000100000000, 0x0000000100000000)
  eden space 395776K, 0% used [0x00000000e0000000,0x00000000e0000000,0x00000000f8280000)
  from space 64512K, 28% used [0x00000000fc100000,0x00000000fd303af8,0x0000000100000000)
  to   space 64000K, 0% used [0x00000000f8280000,0x00000000f8280000,0x00000000fc100000)
 ParOldGen       total 157184K, used 89072K [0x00000000a0000000, 0x00000000a9980000, 0x00000000e0000000)
  object space 157184K, 56% used [0x00000000a0000000,0x00000000a56fc160,0x00000000a9980000)
 Metaspace       used 102292K, capacity 110012K, committed 110168K, reserved 1144832K
  class space    used 12528K, capacity 14096K, committed 14208K, reserved 1048576K
}
Event: 12240.776 GC heap before
{Heap before GC invocations=43 (full 4):
 PSYoungGen      total 460288K, used 414222K [0x00000000e0000000, 0x0000000100000000, 0x0000000100000000)
  eden space 395776K, 100% used [0x00000000e0000000,0x00000000f8280000,0x00000000f8280000)
  from space 64512K, 28% used [0x00000000fc100000,0x00000000fd303af8,0x0000000100000000)
  to   space 64000K, 0% used [0x00000000f8280000,0x00000000f8280000,0x00000000fc100000)
 ParOldGen       total 157184K, used 89072K [0x00000000a0000000, 0x00000000a9980000, 0x00000000e0000000)
  object space 157184K, 56% used [0x00000000a0000000,0x00000000a56fc160,0x00000000a9980000)
 Metaspace       used 102856K, capacity 110754K, committed 110936K, reserved 1146880K
  class space    used 12573K, capacity 14176K, committed 14208K, reserved 1048576K
Event: 12240.867 GC heap after
Heap after GC invocations=43 (full 4):
 PSYoungGen      total 432640K, used 36607K [0x00000000e0000000, 0x00000000ffc80000, 0x0000000100000000)
  eden space 395776K, 0% used [0x00000000e0000000,0x00000000e0000000,0x00000000f8280000)
  from space 36864K, 99% used [0x00000000f8280000,0x00000000fa63fda8,0x00000000fa680000)
  to   space 62464K, 0% used [0x00000000fbf80000,0x00000000fbf80000,0x00000000ffc80000)
 ParOldGen       total 157184K, used 89240K [0x00000000a0000000, 0x00000000a9980000, 0x00000000e0000000)
  object space 157184K, 56% used [0x00000000a0000000,0x00000000a5726170,0x00000000a9980000)
 Metaspace       used 102856K, capacity 110754K, committed 110936K, reserved 1146880K
  class space    used 12573K, capacity 14176K, committed 14208K, reserved 1048576K
}

